<?xml version="1.0" encoding="UTF-8"?>
<!-- Generated by org.testng.reporters.JUnitXMLReporter -->
<testsuite hostname="LAPTOP-COQHVDGR" ignored="0" name="Test" tests="75" failures="3" timestamp="04 Jun 2021 11:54:22 GMT" time="79.185" errors="0">
  <testcase name="verifyUrlOfLoginPage" time="0.238" classname="com.jbk.tests.LoginTest"/>
  <testcase name="verifyUrl" time="0.02" classname="com.jbk.tests.RegisterTest"/>
  <testcase name="verifyUrl" time="0.016" classname="com.jbk.tests.DashboardTest"/>
  <testcase name="verifyHeadingsAl" time="0.184" classname="com.jbk.tests.UsersTest"/>
  <testcase name="verifyPrintingDragDownOptions" time="0.2" classname="com.jbk.tests.AddUserTest"/>
  <testcase name="verifycontactNoLength" time="0.339" classname="com.jbk.tests.OperatorsTest"/>
  <testcase name="verifyClickGO" time="13.325" classname="com.jbk.tests.UsefulLinksTest">
    <failure type="java.lang.AssertionError" message="expected [true] but found [false]">
      <![CDATA[java.lang.AssertionError: expected [true] but found [false]
	at com.jbk.tests.UsefulLinksTest.verifyClickGO(UsefulLinksTest.java:37)
	at java.util.concurrent.ThreadPoolExecutor.runWorker(ThreadPoolExecutor.java:1149)
	at java.util.concurrent.ThreadPoolExecutor$Worker.run(ThreadPoolExecutor.java:624)
	at java.lang.Thread.run(Thread.java:748)
... Removed 14 stack frames]]>
    </failure>
  </testcase> <!-- verifyClickGO -->
  <testcase name="verifyOperatingSystem_32bit" time="0.488" classname="com.jbk.tests.DownloadsTest"/>
  <testcase name="verifyClickGoExcel" time="14.826" classname="com.jbk.tests.UsefulLinksTest">
    <failure type="java.lang.AssertionError" message="expected [true] but found [false]">
      <![CDATA[java.lang.AssertionError: expected [true] but found [false]
	at com.jbk.tests.UsefulLinksTest.verifyClickGoExcel(UsefulLinksTest.java:44)
	at java.util.concurrent.ThreadPoolExecutor.runWorker(ThreadPoolExecutor.java:1149)
	at java.util.concurrent.ThreadPoolExecutor$Worker.run(ThreadPoolExecutor.java:624)
	at java.lang.Thread.run(Thread.java:748)
... Removed 14 stack frames]]>
    </failure>
  </testcase> <!-- verifyClickGoExcel -->
  <testcase name="verifyComplete_UsefulLinksTable" time="0.538" classname="com.jbk.tests.UsefulLinksTest"/>
  <testcase name="verifyCommon" time="0.507" classname="com.jbk.tests.DownloadsTest"/>
  <testcase name="verifyComplete_DownloadsTable" time="1.075" classname="com.jbk.tests.DownloadsTest"/>
  <testcase name="verifyNone" time="0.486" classname="com.jbk.tests.DownloadsTest"/>
  <testcase name="verifyCornerHeading" time="0.059" classname="com.jbk.tests.DashboardTest"/>
  <testcase name="verifyCourseHeading" time="0.21" classname="com.jbk.tests.DashboardTest"/>
  <testcase name="verifyCourseSubHeading" time="0.187" classname="com.jbk.tests.DashboardTest"/>
  <testcase name="verifyCoursesHeading" time="0.086" classname="com.jbk.tests.DashboardTest"/>
  <testcase name="verifyCoursesMoreInfo" time="0.107" classname="com.jbk.tests.DashboardTest"/>
  <testcase name="verifyCoursesSubHeading" time="0.07" classname="com.jbk.tests.DashboardTest"/>
  <testcase name="verifyDownloadsMenu" time="0.521" classname="com.jbk.tests.DashboardTest"/>
  <testcase name="verifyFooterStatement" time="0.061" classname="com.jbk.tests.DashboardTest"/>
  <testcase name="verifyJBK_Link" time="2.308" classname="com.jbk.tests.DashboardTest">
    <failure type="java.lang.AssertionError" message="expected [true] but found [false]">
      <![CDATA[java.lang.AssertionError: expected [true] but found [false]
	at com.jbk.tests.DashboardTest.verifyJBK_Link(DashboardTest.java:170)
	at java.util.concurrent.ThreadPoolExecutor.runWorker(ThreadPoolExecutor.java:1149)
	at java.util.concurrent.ThreadPoolExecutor$Worker.run(ThreadPoolExecutor.java:624)
	at java.lang.Thread.run(Thread.java:748)
... Removed 14 stack frames]]>
    </failure>
  </testcase> <!-- verifyJBK_Link -->
  <testcase name="verifyLeftCornerLogOutMenu" time="0.721" classname="com.jbk.tests.DashboardTest"/>
  <testcase name="verifyMainHeading" time="0.06" classname="com.jbk.tests.DashboardTest"/>
  <testcase name="verifyMoreInfoNewWindow" time="4.892" classname="com.jbk.tests.DashboardTest"/>
  <testcase name="verifyOperatorsMenu" time="0.484" classname="com.jbk.tests.DashboardTest"/>
  <testcase name="verifyRightCornerLogOutLink" time="0.742" classname="com.jbk.tests.DashboardTest"/>
  <testcase name="verifySequence" time="0.063" classname="com.jbk.tests.DashboardTest"/>
  <testcase name="verifyTitle" time="0.001" classname="com.jbk.tests.DashboardTest"/>
  <testcase name="verifyUsefulLinksMenu" time="0.402" classname="com.jbk.tests.DashboardTest"/>
  <testcase name="verifyUserImage" time="0.083" classname="com.jbk.tests.DashboardTest"/>
  <testcase name="verifyUserName" time="0.06" classname="com.jbk.tests.DashboardTest"/>
  <testcase name="verifyUserStatus" time="0.066" classname="com.jbk.tests.DashboardTest"/>
  <testcase name="verifyUsersMenu" time="0.458" classname="com.jbk.tests.DashboardTest"/>
  <testcase name="verifynavigationMenuText" time="0.161" classname="com.jbk.tests.DashboardTest"/>
  <testcase name="verifyValidAddUser" time="2.978" classname="com.jbk.tests.AddUserTest"/>
  <testcase name="verifyprintingDragDownOptExcel" time="0.408" classname="com.jbk.tests.AddUserTest"/>
  <testcase name="verifyAlreadyMemberLink" time="0.494" classname="com.jbk.tests.RegisterTest"/>
  <testcase name="verifyAlreadyMemberText" time="0.053" classname="com.jbk.tests.RegisterTest"/>
  <testcase name="verifyBlankSignIn" time="0.202" classname="com.jbk.tests.RegisterTest"/>
  <testcase name="verifyHeading" time="0.047" classname="com.jbk.tests.RegisterTest"/>
  <testcase name="verifyPlaceholders" time="0.102" classname="com.jbk.tests.RegisterTest"/>
  <testcase name="verifyTitle" time="0.016" classname="com.jbk.tests.RegisterTest"/>
  <testcase name="verifyValidSignIn" time="0.543" classname="com.jbk.tests.RegisterTest"/>
  <testcase name="verifyClickDeleteAlertMsg" time="0.52" classname="com.jbk.tests.UsersTest"/>
  <testcase name="verifyComplete_UsersTable" time="0.746" classname="com.jbk.tests.UsersTest"/>
  <testcase name="verifyGmail_com" time="0.234" classname="com.jbk.tests.UsersTest"/>
  <testcase name="verifyMaleGender" time="0.22" classname="com.jbk.tests.UsersTest"/>
  <testcase name="verifyMobNoLength" time="0.24" classname="com.jbk.tests.UsersTest"/>
  <testcase name="verifySeleniumFaculty" time="0.201" classname="com.jbk.tests.UsersTest"/>
  <testcase name="verifyStateMaharashtra" time="0.069" classname="com.jbk.tests.UsersTest"/>
  <testcase name="verifyToolTip" time="0.098" classname="com.jbk.tests.UsersTest"/>
  <testcase name="verifyUnameInOrder" time="0.092" classname="com.jbk.tests.UsersTest"/>
  <testcase name="verifyComplete_OperatorsTable" time="0.711" classname="com.jbk.tests.OperatorsTest"/>
  <testcase name="verifyFacultiesAvailableOnMonday" time="0.274" classname="com.jbk.tests.OperatorsTest"/>
  <testcase name="verifyFacultiesNotAvailableOnSunday" time="0.216" classname="com.jbk.tests.OperatorsTest"/>
  <testcase name="verifyNamesInAlphabeticalOrder" time="0.078" classname="com.jbk.tests.OperatorsTest"/>
  <testcase name="verifyPrefferedWayToConnect_PhoneCall" time="0.273" classname="com.jbk.tests.OperatorsTest"/>
  <testcase name="verifyPrefferedWayToConnect_WhatsApp" time="0.264" classname="com.jbk.tests.OperatorsTest"/>
  <testcase name="verifyPrefferedWayToConnect_WhatsApp_And_PhoneCall" time="0.323" classname="com.jbk.tests.OperatorsTest"/>
  <testcase name="verifyPrefferedWayToConnect_WhatsApp_ButNot_PhoneCall" time="0.316" classname="com.jbk.tests.OperatorsTest"/>
  <testcase name="loginWithAlldata" time="2.328" classname="com.jbk.tests.LoginTest"/>
  <testcase name="verifyBlankLogInErrorMessage" time="0.27" classname="com.jbk.tests.LoginTest"/>
  <testcase name="verifyInvalidLogIn" time="0.288" classname="com.jbk.tests.LoginTest"/>
  <testcase name="verifyInvalidLogInErrorMessage" time="0.048" classname="com.jbk.tests.LoginTest"/>
  <testcase name="verifyLogo" time="0.05" classname="com.jbk.tests.LoginTest"/>
  <testcase name="verifyLogoutSuccessfullyMessage" time="0.063" classname="com.jbk.tests.LoginTest"/>
  <testcase name="verifyMainHeading" time="0.048" classname="com.jbk.tests.LoginTest"/>
  <testcase name="verifyPlaceholders" time="0.055" classname="com.jbk.tests.LoginTest"/>
  <testcase name="verifyRegisterLink" time="0.356" classname="com.jbk.tests.LoginTest"/>
  <testcase name="verifyRegisterLinkText" time="0.044" classname="com.jbk.tests.LoginTest"/>
  <testcase name="verifySignInBoxHeading" time="0.027" classname="com.jbk.tests.LoginTest"/>
  <testcase name="verifySubHeading" time="0.038" classname="com.jbk.tests.LoginTest"/>
  <testcase name="verifyTitle" time="0.009" classname="com.jbk.tests.LoginTest"/>
  <testcase name="verifyValidLogIn" time="0.502" classname="com.jbk.tests.LoginTest"/>
</testsuite> <!-- Test -->
