<?xml version="1.0" encoding="UTF-8"?>
<!-- Generated by org.testng.reporters.JUnitReportReporter -->
<testsuite name="com.jbk.tests.DashboardTest" tests="23" time="11.818" ignored="0" failures="1" timestamp="04 Jun 2021 11:54:23 GMT" skipped="0" hostname="LAPTOP-COQHVDGR" errors="0">
  <testcase name="verifyOperatorsMenu" time="0.484" classname="com.jbk.tests.DashboardTest"/>
  <testcase name="verifynavigationMenuText" time="0.161" classname="com.jbk.tests.DashboardTest"/>
  <testcase name="verifyFooterStatement" time="0.061" classname="com.jbk.tests.DashboardTest"/>
  <testcase name="verifyCoursesHeading" time="0.086" classname="com.jbk.tests.DashboardTest"/>
  <testcase name="verifyUserName" time="0.060" classname="com.jbk.tests.DashboardTest"/>
  <testcase name="verifyLeftCornerLogOutMenu" time="0.721" classname="com.jbk.tests.DashboardTest"/>
  <testcase name="verifyUsefulLinksMenu" time="0.402" classname="com.jbk.tests.DashboardTest"/>
  <testcase name="verifySequence" time="0.063" classname="com.jbk.tests.DashboardTest"/>
  <testcase name="verifyCornerHeading" time="0.059" classname="com.jbk.tests.DashboardTest"/>
  <testcase name="verifyCoursesMoreInfo" time="0.107" classname="com.jbk.tests.DashboardTest"/>
  <testcase name="verifyMoreInfoNewWindow" time="4.892" classname="com.jbk.tests.DashboardTest"/>
  <testcase name="verifyTitle" time="0.001" classname="com.jbk.tests.DashboardTest"/>
  <testcase name="verifyUserStatus" time="0.066" classname="com.jbk.tests.DashboardTest"/>
  <testcase name="verifyCoursesSubHeading" time="0.070" classname="com.jbk.tests.DashboardTest"/>
  <testcase name="verifyUrl" time="0.016" classname="com.jbk.tests.DashboardTest"/>
  <testcase name="verifyCourseHeading" time="0.210" classname="com.jbk.tests.DashboardTest"/>
  <testcase name="verifyCourseSubHeading" time="0.187" classname="com.jbk.tests.DashboardTest"/>
  <testcase name="verifyUserImage" time="0.083" classname="com.jbk.tests.DashboardTest"/>
  <testcase name="verifyDownloadsMenu" time="0.521" classname="com.jbk.tests.DashboardTest"/>
  <testcase name="verifyUsersMenu" time="0.458" classname="com.jbk.tests.DashboardTest"/>
  <testcase name="verifyMainHeading" time="0.060" classname="com.jbk.tests.DashboardTest"/>
  <testcase name="verifyRightCornerLogOutLink" time="0.742" classname="com.jbk.tests.DashboardTest"/>
  <testcase name="verifyJBK_Link" time="2.308" classname="com.jbk.tests.DashboardTest">
    <failure type="java.lang.AssertionError" message="expected [true] but found [false]">
      <![CDATA[java.lang.AssertionError: expected [true] but found [false]
	at org.testng.Assert.fail(Assert.java:94)
	at org.testng.Assert.failNotEquals(Assert.java:513)
	at org.testng.Assert.assertTrue(Assert.java:42)
	at org.testng.Assert.assertTrue(Assert.java:52)
	at com.jbk.tests.DashboardTest.verifyJBK_Link(DashboardTest.java:170)
	at sun.reflect.NativeMethodAccessorImpl.invoke0(Native Method)
	at sun.reflect.NativeMethodAccessorImpl.invoke(NativeMethodAccessorImpl.java:62)
	at sun.reflect.DelegatingMethodAccessorImpl.invoke(DelegatingMethodAccessorImpl.java:43)
	at java.lang.reflect.Method.invoke(Method.java:498)
	at org.testng.internal.MethodInvocationHelper.invokeMethod(MethodInvocationHelper.java:104)
	at org.testng.internal.Invoker.invokeMethod(Invoker.java:645)
	at org.testng.internal.Invoker.invokeTestMethod(Invoker.java:851)
	at org.testng.internal.Invoker.invokeTestMethods(Invoker.java:1177)
	at org.testng.internal.TestMethodWorker.invokeTestMethods(TestMethodWorker.java:129)
	at org.testng.internal.TestMethodWorker.run(TestMethodWorker.java:112)
	at java.util.concurrent.ThreadPoolExecutor.runWorker(ThreadPoolExecutor.java:1149)
	at java.util.concurrent.ThreadPoolExecutor$Worker.run(ThreadPoolExecutor.java:624)
	at java.lang.Thread.run(Thread.java:748)
]]>
    </failure>
  </testcase> <!-- verifyJBK_Link -->
</testsuite> <!-- com.jbk.tests.DashboardTest -->
