<?xml version="1.0" encoding="UTF-8"?>
<testng-results skipped="0" failed="3" ignored="0" total="75" passed="72">
  <reporter-output>
  </reporter-output>
  <suite name="Suite" duration-ms="79185" started-at="2021-06-04T11:53:03Z" finished-at="2021-06-04T11:54:22Z">
    <groups>
    </groups>
    <test name="Test" duration-ms="79185" started-at="2021-06-04T11:53:03Z" finished-at="2021-06-04T11:54:22Z">
      <class name="com.jbk.tests.AddUserTest">
        <test-method status="PASS" signature="openBrowser()[pri:0, instance:com.jbk.tests.AddUserTest@7fac631b]" name="openBrowser" is-config="true" duration-ms="2811" started-at="2021-06-04T17:23:13Z" finished-at="2021-06-04T17:23:16Z">
          <reporter-output>
          </reporter-output>
        </test-method> <!-- openBrowser -->
        <test-method status="PASS" signature="verifyPrintingDragDownOptions()[pri:1, instance:com.jbk.tests.AddUserTest@7fac631b]" name="verifyPrintingDragDownOptions" duration-ms="200" started-at="2021-06-04T17:23:16Z" finished-at="2021-06-04T17:23:16Z">
          <reporter-output>
          </reporter-output>
        </test-method> <!-- verifyPrintingDragDownOptions -->
        <test-method status="PASS" signature="verifyValidAddUser()[pri:3, instance:com.jbk.tests.AddUserTest@7fac631b]" name="verifyValidAddUser" duration-ms="2978" started-at="2021-06-04T17:24:08Z" finished-at="2021-06-04T17:24:11Z">
          <reporter-output>
          </reporter-output>
        </test-method> <!-- verifyValidAddUser -->
        <test-method status="PASS" signature="verifyprintingDragDownOptExcel()[pri:2, instance:com.jbk.tests.AddUserTest@7fac631b]" name="verifyprintingDragDownOptExcel" duration-ms="408" started-at="2021-06-04T17:24:11Z" finished-at="2021-06-04T17:24:11Z">
          <reporter-output>
          </reporter-output>
        </test-method> <!-- verifyprintingDragDownOptExcel -->
        <test-method status="PASS" signature="closeBrowser()[pri:0, instance:com.jbk.tests.AddUserTest@7fac631b]" name="closeBrowser" is-config="true" duration-ms="141" started-at="2021-06-04T17:24:11Z" finished-at="2021-06-04T17:24:11Z">
          <reporter-output>
          </reporter-output>
        </test-method> <!-- closeBrowser -->
      </class> <!-- com.jbk.tests.AddUserTest -->
      <class name="com.jbk.tests.DashboardTest">
        <test-method status="PASS" signature="openBrowser()[pri:0, instance:com.jbk.tests.DashboardTest@7b49cea0]" name="openBrowser" is-config="true" duration-ms="2332" started-at="2021-06-04T17:23:08Z" finished-at="2021-06-04T17:23:10Z">
          <reporter-output>
          </reporter-output>
        </test-method> <!-- openBrowser -->
        <test-method status="PASS" signature="verifyUrl()[pri:1, instance:com.jbk.tests.DashboardTest@7b49cea0]" name="verifyUrl" duration-ms="16" started-at="2021-06-04T17:23:10Z" finished-at="2021-06-04T17:23:10Z">
          <reporter-output>
          </reporter-output>
        </test-method> <!-- verifyUrl -->
        <test-method status="PASS" signature="verifyCornerHeading()[pri:3, instance:com.jbk.tests.DashboardTest@7b49cea0]" name="verifyCornerHeading" duration-ms="59" started-at="2021-06-04T17:23:56Z" finished-at="2021-06-04T17:23:56Z">
          <reporter-output>
          </reporter-output>
        </test-method> <!-- verifyCornerHeading -->
        <test-method status="PASS" signature="verifyCourseHeading()[pri:22, instance:com.jbk.tests.DashboardTest@7b49cea0]" name="verifyCourseHeading" duration-ms="210" started-at="2021-06-04T17:23:56Z" finished-at="2021-06-04T17:23:56Z">
          <reporter-output>
          </reporter-output>
        </test-method> <!-- verifyCourseHeading -->
        <test-method status="PASS" signature="verifyCourseSubHeading()[pri:23, instance:com.jbk.tests.DashboardTest@7b49cea0]" name="verifyCourseSubHeading" duration-ms="187" started-at="2021-06-04T17:23:56Z" finished-at="2021-06-04T17:23:56Z">
          <reporter-output>
          </reporter-output>
        </test-method> <!-- verifyCourseSubHeading -->
        <test-method status="PASS" signature="verifyCoursesHeading()[pri:15, instance:com.jbk.tests.DashboardTest@7b49cea0]" name="verifyCoursesHeading" duration-ms="86" started-at="2021-06-04T17:23:56Z" finished-at="2021-06-04T17:23:56Z">
          <reporter-output>
          </reporter-output>
        </test-method> <!-- verifyCoursesHeading -->
        <test-method status="PASS" signature="verifyCoursesMoreInfo()[pri:17, instance:com.jbk.tests.DashboardTest@7b49cea0]" name="verifyCoursesMoreInfo" duration-ms="107" started-at="2021-06-04T17:23:56Z" finished-at="2021-06-04T17:23:56Z">
          <reporter-output>
          </reporter-output>
        </test-method> <!-- verifyCoursesMoreInfo -->
        <test-method status="PASS" signature="verifyCoursesSubHeading()[pri:16, instance:com.jbk.tests.DashboardTest@7b49cea0]" name="verifyCoursesSubHeading" duration-ms="70" started-at="2021-06-04T17:23:56Z" finished-at="2021-06-04T17:23:56Z">
          <reporter-output>
          </reporter-output>
        </test-method> <!-- verifyCoursesSubHeading -->
        <test-method status="PASS" signature="verifyDownloadsMenu()[pri:12, instance:com.jbk.tests.DashboardTest@7b49cea0]" name="verifyDownloadsMenu" duration-ms="521" started-at="2021-06-04T17:23:56Z" finished-at="2021-06-04T17:23:57Z">
          <reporter-output>
          </reporter-output>
        </test-method> <!-- verifyDownloadsMenu -->
        <test-method status="PASS" signature="verifyFooterStatement()[pri:19, instance:com.jbk.tests.DashboardTest@7b49cea0]" name="verifyFooterStatement" duration-ms="61" started-at="2021-06-04T17:23:57Z" finished-at="2021-06-04T17:23:57Z">
          <reporter-output>
          </reporter-output>
        </test-method> <!-- verifyFooterStatement -->
        <test-method status="FAIL" signature="verifyJBK_Link()[pri:20, instance:com.jbk.tests.DashboardTest@7b49cea0]" name="verifyJBK_Link" duration-ms="2308" started-at="2021-06-04T17:23:57Z" finished-at="2021-06-04T17:23:59Z">
          <exception class="java.lang.AssertionError">
            <message>
              <![CDATA[expected [true] but found [false]]]>
            </message>
            <full-stacktrace>
              <![CDATA[java.lang.AssertionError: expected [true] but found [false]
	at org.testng.Assert.fail(Assert.java:94)
	at org.testng.Assert.failNotEquals(Assert.java:513)
	at org.testng.Assert.assertTrue(Assert.java:42)
	at org.testng.Assert.assertTrue(Assert.java:52)
	at com.jbk.tests.DashboardTest.verifyJBK_Link(DashboardTest.java:170)
	at sun.reflect.NativeMethodAccessorImpl.invoke0(Native Method)
	at sun.reflect.NativeMethodAccessorImpl.invoke(NativeMethodAccessorImpl.java:62)
	at sun.reflect.DelegatingMethodAccessorImpl.invoke(DelegatingMethodAccessorImpl.java:43)
	at java.lang.reflect.Method.invoke(Method.java:498)
	at org.testng.internal.MethodInvocationHelper.invokeMethod(MethodInvocationHelper.java:104)
	at org.testng.internal.Invoker.invokeMethod(Invoker.java:645)
	at org.testng.internal.Invoker.invokeTestMethod(Invoker.java:851)
	at org.testng.internal.Invoker.invokeTestMethods(Invoker.java:1177)
	at org.testng.internal.TestMethodWorker.invokeTestMethods(TestMethodWorker.java:129)
	at org.testng.internal.TestMethodWorker.run(TestMethodWorker.java:112)
	at java.util.concurrent.ThreadPoolExecutor.runWorker(ThreadPoolExecutor.java:1149)
	at java.util.concurrent.ThreadPoolExecutor$Worker.run(ThreadPoolExecutor.java:624)
	at java.lang.Thread.run(Thread.java:748)
]]>
            </full-stacktrace>
          </exception> <!-- java.lang.AssertionError -->
          <reporter-output>
          </reporter-output>
        </test-method> <!-- verifyJBK_Link -->
        <test-method status="PASS" signature="verifyLeftCornerLogOutMenu()[pri:13, instance:com.jbk.tests.DashboardTest@7b49cea0]" name="verifyLeftCornerLogOutMenu" duration-ms="721" started-at="2021-06-04T17:23:59Z" finished-at="2021-06-04T17:24:00Z">
          <reporter-output>
          </reporter-output>
        </test-method> <!-- verifyLeftCornerLogOutMenu -->
        <test-method status="PASS" signature="verifyMainHeading()[pri:4, instance:com.jbk.tests.DashboardTest@7b49cea0]" name="verifyMainHeading" duration-ms="60" started-at="2021-06-04T17:24:00Z" finished-at="2021-06-04T17:24:00Z">
          <reporter-output>
          </reporter-output>
        </test-method> <!-- verifyMainHeading -->
        <test-method status="PASS" signature="verifyMoreInfoNewWindow()[pri:18, instance:com.jbk.tests.DashboardTest@7b49cea0]" name="verifyMoreInfoNewWindow" duration-ms="4892" started-at="2021-06-04T17:24:00Z" finished-at="2021-06-04T17:24:05Z">
          <reporter-output>
          </reporter-output>
        </test-method> <!-- verifyMoreInfoNewWindow -->
        <test-method status="PASS" signature="verifyOperatorsMenu()[pri:10, instance:com.jbk.tests.DashboardTest@7b49cea0]" name="verifyOperatorsMenu" duration-ms="484" started-at="2021-06-04T17:24:05Z" finished-at="2021-06-04T17:24:05Z">
          <reporter-output>
          </reporter-output>
        </test-method> <!-- verifyOperatorsMenu -->
        <test-method status="PASS" signature="verifyRightCornerLogOutLink()[pri:14, instance:com.jbk.tests.DashboardTest@7b49cea0]" name="verifyRightCornerLogOutLink" duration-ms="742" started-at="2021-06-04T17:24:05Z" finished-at="2021-06-04T17:24:06Z">
          <reporter-output>
          </reporter-output>
        </test-method> <!-- verifyRightCornerLogOutLink -->
        <test-method status="PASS" signature="verifySequence()[pri:21, instance:com.jbk.tests.DashboardTest@7b49cea0]" name="verifySequence" duration-ms="63" started-at="2021-06-04T17:24:06Z" finished-at="2021-06-04T17:24:06Z">
          <reporter-output>
          </reporter-output>
        </test-method> <!-- verifySequence -->
        <test-method status="PASS" signature="verifyTitle()[pri:2, instance:com.jbk.tests.DashboardTest@7b49cea0]" name="verifyTitle" duration-ms="1" started-at="2021-06-04T17:24:06Z" finished-at="2021-06-04T17:24:06Z">
          <reporter-output>
          </reporter-output>
        </test-method> <!-- verifyTitle -->
        <test-method status="PASS" signature="verifyUsefulLinksMenu()[pri:11, instance:com.jbk.tests.DashboardTest@7b49cea0]" name="verifyUsefulLinksMenu" duration-ms="402" started-at="2021-06-04T17:24:06Z" finished-at="2021-06-04T17:24:07Z">
          <reporter-output>
          </reporter-output>
        </test-method> <!-- verifyUsefulLinksMenu -->
        <test-method status="PASS" signature="verifyUserImage()[pri:5, instance:com.jbk.tests.DashboardTest@7b49cea0]" name="verifyUserImage" duration-ms="83" started-at="2021-06-04T17:24:07Z" finished-at="2021-06-04T17:24:07Z">
          <reporter-output>
          </reporter-output>
        </test-method> <!-- verifyUserImage -->
        <test-method status="PASS" signature="verifyUserName()[pri:6, instance:com.jbk.tests.DashboardTest@7b49cea0]" name="verifyUserName" duration-ms="60" started-at="2021-06-04T17:24:07Z" finished-at="2021-06-04T17:24:07Z">
          <reporter-output>
          </reporter-output>
        </test-method> <!-- verifyUserName -->
        <test-method status="PASS" signature="verifyUserStatus()[pri:7, instance:com.jbk.tests.DashboardTest@7b49cea0]" name="verifyUserStatus" duration-ms="66" started-at="2021-06-04T17:24:07Z" finished-at="2021-06-04T17:24:07Z">
          <reporter-output>
          </reporter-output>
        </test-method> <!-- verifyUserStatus -->
        <test-method status="PASS" signature="verifyUsersMenu()[pri:9, instance:com.jbk.tests.DashboardTest@7b49cea0]" name="verifyUsersMenu" duration-ms="458" started-at="2021-06-04T17:24:07Z" finished-at="2021-06-04T17:24:07Z">
          <reporter-output>
          </reporter-output>
        </test-method> <!-- verifyUsersMenu -->
        <test-method status="PASS" signature="verifynavigationMenuText()[pri:8, instance:com.jbk.tests.DashboardTest@7b49cea0]" name="verifynavigationMenuText" duration-ms="161" started-at="2021-06-04T17:24:07Z" finished-at="2021-06-04T17:24:07Z">
          <reporter-output>
          </reporter-output>
        </test-method> <!-- verifynavigationMenuText -->
        <test-method status="PASS" signature="closeBrowser()[pri:0, instance:com.jbk.tests.DashboardTest@7b49cea0]" name="closeBrowser" is-config="true" duration-ms="147" started-at="2021-06-04T17:24:07Z" finished-at="2021-06-04T17:24:08Z">
          <reporter-output>
          </reporter-output>
        </test-method> <!-- closeBrowser -->
      </class> <!-- com.jbk.tests.DashboardTest -->
      <class name="com.jbk.tests.RegisterTest">
        <test-method status="PASS" signature="openBrowser()[pri:0, instance:com.jbk.tests.RegisterTest@61f8bee4]" name="openBrowser" is-config="true" duration-ms="1959" started-at="2021-06-04T17:23:06Z" finished-at="2021-06-04T17:23:08Z">
          <reporter-output>
          </reporter-output>
        </test-method> <!-- openBrowser -->
        <test-method status="PASS" signature="verifyUrl()[pri:1, instance:com.jbk.tests.RegisterTest@61f8bee4]" name="verifyUrl" duration-ms="20" started-at="2021-06-04T17:23:08Z" finished-at="2021-06-04T17:23:08Z">
          <reporter-output>
          </reporter-output>
        </test-method> <!-- verifyUrl -->
        <test-method status="PASS" signature="verifyAlreadyMemberLink()[pri:5, instance:com.jbk.tests.RegisterTest@61f8bee4]" name="verifyAlreadyMemberLink" duration-ms="494" started-at="2021-06-04T17:24:11Z" finished-at="2021-06-04T17:24:12Z">
          <reporter-output>
          </reporter-output>
        </test-method> <!-- verifyAlreadyMemberLink -->
        <test-method status="PASS" signature="verifyAlreadyMemberText()[pri:4, instance:com.jbk.tests.RegisterTest@61f8bee4]" name="verifyAlreadyMemberText" duration-ms="53" started-at="2021-06-04T17:24:12Z" finished-at="2021-06-04T17:24:12Z">
          <reporter-output>
          </reporter-output>
        </test-method> <!-- verifyAlreadyMemberText -->
        <test-method status="PASS" signature="verifyBlankSignIn()[pri:7, instance:com.jbk.tests.RegisterTest@61f8bee4]" name="verifyBlankSignIn" duration-ms="202" started-at="2021-06-04T17:24:12Z" finished-at="2021-06-04T17:24:12Z">
          <reporter-output>
          </reporter-output>
        </test-method> <!-- verifyBlankSignIn -->
        <test-method status="PASS" signature="verifyHeading()[pri:3, instance:com.jbk.tests.RegisterTest@61f8bee4]" name="verifyHeading" duration-ms="47" started-at="2021-06-04T17:24:12Z" finished-at="2021-06-04T17:24:12Z">
          <reporter-output>
          </reporter-output>
        </test-method> <!-- verifyHeading -->
        <test-method status="PASS" signature="verifyPlaceholders()[pri:6, instance:com.jbk.tests.RegisterTest@61f8bee4]" name="verifyPlaceholders" duration-ms="102" started-at="2021-06-04T17:24:12Z" finished-at="2021-06-04T17:24:12Z">
          <reporter-output>
          </reporter-output>
        </test-method> <!-- verifyPlaceholders -->
        <test-method status="PASS" signature="verifyTitle()[pri:2, instance:com.jbk.tests.RegisterTest@61f8bee4]" name="verifyTitle" duration-ms="16" started-at="2021-06-04T17:24:12Z" finished-at="2021-06-04T17:24:12Z">
          <reporter-output>
          </reporter-output>
        </test-method> <!-- verifyTitle -->
        <test-method status="PASS" signature="verifyValidSignIn()[pri:8, instance:com.jbk.tests.RegisterTest@61f8bee4]" name="verifyValidSignIn" duration-ms="543" started-at="2021-06-04T17:24:12Z" finished-at="2021-06-04T17:24:13Z">
          <reporter-output>
          </reporter-output>
        </test-method> <!-- verifyValidSignIn -->
        <test-method status="PASS" signature="closeBrowser()[pri:0, instance:com.jbk.tests.RegisterTest@61f8bee4]" name="closeBrowser" is-config="true" duration-ms="112" started-at="2021-06-04T17:24:13Z" finished-at="2021-06-04T17:24:13Z">
          <reporter-output>
          </reporter-output>
        </test-method> <!-- closeBrowser -->
      </class> <!-- com.jbk.tests.RegisterTest -->
      <class name="com.jbk.tests.OperatorsTest">
        <test-method status="PASS" signature="openBrowser()[pri:0, instance:com.jbk.tests.OperatorsTest@5b87ed94]" name="openBrowser" is-config="true" duration-ms="2722" started-at="2021-06-04T17:23:16Z" finished-at="2021-06-04T17:23:19Z">
          <reporter-output>
          </reporter-output>
        </test-method> <!-- openBrowser -->
        <test-method status="PASS" signature="verifycontactNoLength()[pri:1, instance:com.jbk.tests.OperatorsTest@5b87ed94]" name="verifycontactNoLength" duration-ms="339" started-at="2021-06-04T17:23:19Z" finished-at="2021-06-04T17:23:19Z">
          <reporter-output>
          </reporter-output>
        </test-method> <!-- verifycontactNoLength -->
        <test-method status="PASS" signature="verifyComplete_OperatorsTable()[pri:9, instance:com.jbk.tests.OperatorsTest@5b87ed94]" name="verifyComplete_OperatorsTable" duration-ms="711" started-at="2021-06-04T17:24:15Z" finished-at="2021-06-04T17:24:16Z">
          <reporter-output>
          </reporter-output>
        </test-method> <!-- verifyComplete_OperatorsTable -->
        <test-method status="PASS" signature="verifyFacultiesAvailableOnMonday()[pri:7, instance:com.jbk.tests.OperatorsTest@5b87ed94]" name="verifyFacultiesAvailableOnMonday" duration-ms="274" started-at="2021-06-04T17:24:16Z" finished-at="2021-06-04T17:24:16Z">
          <reporter-output>
          </reporter-output>
        </test-method> <!-- verifyFacultiesAvailableOnMonday -->
        <test-method status="PASS" signature="verifyFacultiesNotAvailableOnSunday()[pri:8, instance:com.jbk.tests.OperatorsTest@5b87ed94]" name="verifyFacultiesNotAvailableOnSunday" duration-ms="216" started-at="2021-06-04T17:24:16Z" finished-at="2021-06-04T17:24:17Z">
          <reporter-output>
          </reporter-output>
        </test-method> <!-- verifyFacultiesNotAvailableOnSunday -->
        <test-method status="PASS" signature="verifyNamesInAlphabeticalOrder()[pri:2, instance:com.jbk.tests.OperatorsTest@5b87ed94]" name="verifyNamesInAlphabeticalOrder" duration-ms="78" started-at="2021-06-04T17:24:17Z" finished-at="2021-06-04T17:24:17Z">
          <reporter-output>
          </reporter-output>
        </test-method> <!-- verifyNamesInAlphabeticalOrder -->
        <test-method status="PASS" signature="verifyPrefferedWayToConnect_PhoneCall()[pri:4, instance:com.jbk.tests.OperatorsTest@5b87ed94]" name="verifyPrefferedWayToConnect_PhoneCall" duration-ms="273" started-at="2021-06-04T17:24:17Z" finished-at="2021-06-04T17:24:17Z">
          <reporter-output>
          </reporter-output>
        </test-method> <!-- verifyPrefferedWayToConnect_PhoneCall -->
        <test-method status="PASS" signature="verifyPrefferedWayToConnect_WhatsApp()[pri:3, instance:com.jbk.tests.OperatorsTest@5b87ed94]" name="verifyPrefferedWayToConnect_WhatsApp" duration-ms="264" started-at="2021-06-04T17:24:17Z" finished-at="2021-06-04T17:24:17Z">
          <reporter-output>
          </reporter-output>
        </test-method> <!-- verifyPrefferedWayToConnect_WhatsApp -->
        <test-method status="PASS" signature="verifyPrefferedWayToConnect_WhatsApp_And_PhoneCall()[pri:5, instance:com.jbk.tests.OperatorsTest@5b87ed94]" name="verifyPrefferedWayToConnect_WhatsApp_And_PhoneCall" duration-ms="323" started-at="2021-06-04T17:24:17Z" finished-at="2021-06-04T17:24:17Z">
          <reporter-output>
          </reporter-output>
        </test-method> <!-- verifyPrefferedWayToConnect_WhatsApp_And_PhoneCall -->
        <test-method status="PASS" signature="verifyPrefferedWayToConnect_WhatsApp_ButNot_PhoneCall()[pri:6, instance:com.jbk.tests.OperatorsTest@5b87ed94]" name="verifyPrefferedWayToConnect_WhatsApp_ButNot_PhoneCall" duration-ms="316" started-at="2021-06-04T17:24:17Z" finished-at="2021-06-04T17:24:18Z">
          <reporter-output>
          </reporter-output>
        </test-method> <!-- verifyPrefferedWayToConnect_WhatsApp_ButNot_PhoneCall -->
        <test-method status="PASS" signature="closeBrowser()[pri:0, instance:com.jbk.tests.OperatorsTest@5b87ed94]" name="closeBrowser" is-config="true" duration-ms="105" started-at="2021-06-04T17:24:18Z" finished-at="2021-06-04T17:24:18Z">
          <reporter-output>
          </reporter-output>
        </test-method> <!-- closeBrowser -->
      </class> <!-- com.jbk.tests.OperatorsTest -->
      <class name="com.jbk.tests.UsefulLinksTest">
        <test-method status="PASS" signature="openBrowser()[pri:0, instance:com.jbk.tests.UsefulLinksTest@6e0e048a]" name="openBrowser" is-config="true" duration-ms="2553" started-at="2021-06-04T17:23:19Z" finished-at="2021-06-04T17:23:21Z">
          <reporter-output>
          </reporter-output>
        </test-method> <!-- openBrowser -->
        <test-method status="FAIL" signature="verifyClickGO()[pri:1, instance:com.jbk.tests.UsefulLinksTest@6e0e048a]" name="verifyClickGO" duration-ms="13325" started-at="2021-06-04T17:23:21Z" finished-at="2021-06-04T17:23:35Z">
          <exception class="java.lang.AssertionError">
            <message>
              <![CDATA[expected [true] but found [false]]]>
            </message>
            <full-stacktrace>
              <![CDATA[java.lang.AssertionError: expected [true] but found [false]
	at org.testng.Assert.fail(Assert.java:94)
	at org.testng.Assert.failNotEquals(Assert.java:513)
	at org.testng.Assert.assertTrue(Assert.java:42)
	at org.testng.Assert.assertTrue(Assert.java:52)
	at com.jbk.tests.UsefulLinksTest.verifyClickGO(UsefulLinksTest.java:37)
	at sun.reflect.NativeMethodAccessorImpl.invoke0(Native Method)
	at sun.reflect.NativeMethodAccessorImpl.invoke(NativeMethodAccessorImpl.java:62)
	at sun.reflect.DelegatingMethodAccessorImpl.invoke(DelegatingMethodAccessorImpl.java:43)
	at java.lang.reflect.Method.invoke(Method.java:498)
	at org.testng.internal.MethodInvocationHelper.invokeMethod(MethodInvocationHelper.java:104)
	at org.testng.internal.Invoker.invokeMethod(Invoker.java:645)
	at org.testng.internal.Invoker.invokeTestMethod(Invoker.java:851)
	at org.testng.internal.Invoker.invokeTestMethods(Invoker.java:1177)
	at org.testng.internal.TestMethodWorker.invokeTestMethods(TestMethodWorker.java:129)
	at org.testng.internal.TestMethodWorker.run(TestMethodWorker.java:112)
	at java.util.concurrent.ThreadPoolExecutor.runWorker(ThreadPoolExecutor.java:1149)
	at java.util.concurrent.ThreadPoolExecutor$Worker.run(ThreadPoolExecutor.java:624)
	at java.lang.Thread.run(Thread.java:748)
]]>
            </full-stacktrace>
          </exception> <!-- java.lang.AssertionError -->
          <reporter-output>
          </reporter-output>
        </test-method> <!-- verifyClickGO -->
        <test-method status="FAIL" signature="verifyClickGoExcel()[pri:2, instance:com.jbk.tests.UsefulLinksTest@6e0e048a]" name="verifyClickGoExcel" duration-ms="14826" started-at="2021-06-04T17:23:38Z" finished-at="2021-06-04T17:23:53Z">
          <exception class="java.lang.AssertionError">
            <message>
              <![CDATA[expected [true] but found [false]]]>
            </message>
            <full-stacktrace>
              <![CDATA[java.lang.AssertionError: expected [true] but found [false]
	at org.testng.Assert.fail(Assert.java:94)
	at org.testng.Assert.failNotEquals(Assert.java:513)
	at org.testng.Assert.assertTrue(Assert.java:42)
	at org.testng.Assert.assertTrue(Assert.java:52)
	at com.jbk.tests.UsefulLinksTest.verifyClickGoExcel(UsefulLinksTest.java:44)
	at sun.reflect.NativeMethodAccessorImpl.invoke0(Native Method)
	at sun.reflect.NativeMethodAccessorImpl.invoke(NativeMethodAccessorImpl.java:62)
	at sun.reflect.DelegatingMethodAccessorImpl.invoke(DelegatingMethodAccessorImpl.java:43)
	at java.lang.reflect.Method.invoke(Method.java:498)
	at org.testng.internal.MethodInvocationHelper.invokeMethod(MethodInvocationHelper.java:104)
	at org.testng.internal.Invoker.invokeMethod(Invoker.java:645)
	at org.testng.internal.Invoker.invokeTestMethod(Invoker.java:851)
	at org.testng.internal.Invoker.invokeTestMethods(Invoker.java:1177)
	at org.testng.internal.TestMethodWorker.invokeTestMethods(TestMethodWorker.java:129)
	at org.testng.internal.TestMethodWorker.run(TestMethodWorker.java:112)
	at java.util.concurrent.ThreadPoolExecutor.runWorker(ThreadPoolExecutor.java:1149)
	at java.util.concurrent.ThreadPoolExecutor$Worker.run(ThreadPoolExecutor.java:624)
	at java.lang.Thread.run(Thread.java:748)
]]>
            </full-stacktrace>
          </exception> <!-- java.lang.AssertionError -->
          <reporter-output>
          </reporter-output>
        </test-method> <!-- verifyClickGoExcel -->
        <test-method status="PASS" signature="verifyComplete_UsefulLinksTable()[pri:3, instance:com.jbk.tests.UsefulLinksTest@6e0e048a]" name="verifyComplete_UsefulLinksTable" duration-ms="538" started-at="2021-06-04T17:23:53Z" finished-at="2021-06-04T17:23:53Z">
          <reporter-output>
          </reporter-output>
        </test-method> <!-- verifyComplete_UsefulLinksTable -->
        <test-method status="PASS" signature="closeBrowser()[pri:0, instance:com.jbk.tests.UsefulLinksTest@6e0e048a]" name="closeBrowser" is-config="true" duration-ms="146" started-at="2021-06-04T17:23:53Z" finished-at="2021-06-04T17:23:53Z">
          <reporter-output>
          </reporter-output>
        </test-method> <!-- closeBrowser -->
      </class> <!-- com.jbk.tests.UsefulLinksTest -->
      <class name="com.jbk.tests.DownloadsTest">
        <test-method status="PASS" signature="openBrowser()[pri:0, instance:com.jbk.tests.DownloadsTest@5bc79255]" name="openBrowser" is-config="true" duration-ms="2609" started-at="2021-06-04T17:23:35Z" finished-at="2021-06-04T17:23:37Z">
          <reporter-output>
          </reporter-output>
        </test-method> <!-- openBrowser -->
        <test-method status="PASS" signature="verifyOperatingSystem_32bit()[pri:1, instance:com.jbk.tests.DownloadsTest@5bc79255]" name="verifyOperatingSystem_32bit" duration-ms="488" started-at="2021-06-04T17:23:37Z" finished-at="2021-06-04T17:23:38Z">
          <reporter-output>
          </reporter-output>
        </test-method> <!-- verifyOperatingSystem_32bit -->
        <test-method status="PASS" signature="verifyCommon()[pri:2, instance:com.jbk.tests.DownloadsTest@5bc79255]" name="verifyCommon" duration-ms="507" started-at="2021-06-04T17:23:53Z" finished-at="2021-06-04T17:23:54Z">
          <reporter-output>
          </reporter-output>
        </test-method> <!-- verifyCommon -->
        <test-method status="PASS" signature="verifyComplete_DownloadsTable()[pri:4, instance:com.jbk.tests.DownloadsTest@5bc79255]" name="verifyComplete_DownloadsTable" duration-ms="1075" started-at="2021-06-04T17:23:54Z" finished-at="2021-06-04T17:23:55Z">
          <reporter-output>
          </reporter-output>
        </test-method> <!-- verifyComplete_DownloadsTable -->
        <test-method status="PASS" signature="verifyNone()[pri:3, instance:com.jbk.tests.DownloadsTest@5bc79255]" name="verifyNone" duration-ms="486" started-at="2021-06-04T17:23:55Z" finished-at="2021-06-04T17:23:56Z">
          <reporter-output>
          </reporter-output>
        </test-method> <!-- verifyNone -->
        <test-method status="PASS" signature="closeBrowser()[pri:0, instance:com.jbk.tests.DownloadsTest@5bc79255]" name="closeBrowser" is-config="true" duration-ms="111" started-at="2021-06-04T17:23:56Z" finished-at="2021-06-04T17:23:56Z">
          <reporter-output>
          </reporter-output>
        </test-method> <!-- closeBrowser -->
      </class> <!-- com.jbk.tests.DownloadsTest -->
      <class name="com.jbk.tests.LoginTest">
        <test-method status="PASS" signature="openBrowser()[pri:0, instance:com.jbk.tests.LoginTest@4f970963]" name="openBrowser" is-config="true" duration-ms="2496" started-at="2021-06-04T17:23:03Z" finished-at="2021-06-04T17:23:05Z">
          <reporter-output>
          </reporter-output>
        </test-method> <!-- openBrowser -->
        <test-method status="PASS" signature="verifyUrlOfLoginPage()[pri:1, instance:com.jbk.tests.LoginTest@4f970963]" name="verifyUrlOfLoginPage" duration-ms="238" started-at="2021-06-04T17:23:05Z" finished-at="2021-06-04T17:23:06Z">
          <reporter-output>
          </reporter-output>
        </test-method> <!-- verifyUrlOfLoginPage -->
        <test-method status="PASS" signature="loginWithAlldata()[pri:15, instance:com.jbk.tests.LoginTest@4f970963]" name="loginWithAlldata" duration-ms="2328" started-at="2021-06-04T17:24:18Z" finished-at="2021-06-04T17:24:20Z">
          <reporter-output>
          </reporter-output>
        </test-method> <!-- loginWithAlldata -->
        <test-method status="PASS" signature="verifyBlankLogInErrorMessage()[pri:12, instance:com.jbk.tests.LoginTest@4f970963]" name="verifyBlankLogInErrorMessage" duration-ms="270" started-at="2021-06-04T17:24:20Z" finished-at="2021-06-04T17:24:20Z">
          <reporter-output>
          </reporter-output>
        </test-method> <!-- verifyBlankLogInErrorMessage -->
        <test-method status="PASS" signature="verifyInvalidLogIn()[pri:10, instance:com.jbk.tests.LoginTest@4f970963]" name="verifyInvalidLogIn" duration-ms="288" started-at="2021-06-04T17:24:20Z" finished-at="2021-06-04T17:24:21Z">
          <reporter-output>
          </reporter-output>
        </test-method> <!-- verifyInvalidLogIn -->
        <test-method status="PASS" signature="verifyInvalidLogInErrorMessage()[pri:11, instance:com.jbk.tests.LoginTest@4f970963]" name="verifyInvalidLogInErrorMessage" duration-ms="48" started-at="2021-06-04T17:24:21Z" finished-at="2021-06-04T17:24:21Z">
          <reporter-output>
          </reporter-output>
        </test-method> <!-- verifyInvalidLogInErrorMessage -->
        <test-method status="PASS" signature="verifyLogo()[pri:3, instance:com.jbk.tests.LoginTest@4f970963]" name="verifyLogo" duration-ms="50" started-at="2021-06-04T17:24:21Z" finished-at="2021-06-04T17:24:21Z">
          <reporter-output>
          </reporter-output>
        </test-method> <!-- verifyLogo -->
        <test-method status="PASS" signature="verifyLogoutSuccessfullyMessage()[pri:9, instance:com.jbk.tests.LoginTest@4f970963]" name="verifyLogoutSuccessfullyMessage" duration-ms="63" started-at="2021-06-04T17:24:21Z" finished-at="2021-06-04T17:24:21Z">
          <reporter-output>
          </reporter-output>
        </test-method> <!-- verifyLogoutSuccessfullyMessage -->
        <test-method status="PASS" signature="verifyMainHeading()[pri:4, instance:com.jbk.tests.LoginTest@4f970963]" name="verifyMainHeading" duration-ms="48" started-at="2021-06-04T17:24:21Z" finished-at="2021-06-04T17:24:21Z">
          <reporter-output>
          </reporter-output>
        </test-method> <!-- verifyMainHeading -->
        <test-method status="PASS" signature="verifyPlaceholders()[pri:7, instance:com.jbk.tests.LoginTest@4f970963]" name="verifyPlaceholders" duration-ms="55" started-at="2021-06-04T17:24:21Z" finished-at="2021-06-04T17:24:21Z">
          <reporter-output>
          </reporter-output>
        </test-method> <!-- verifyPlaceholders -->
        <test-method status="PASS" signature="verifyRegisterLink()[pri:14, instance:com.jbk.tests.LoginTest@4f970963]" name="verifyRegisterLink" duration-ms="356" started-at="2021-06-04T17:24:21Z" finished-at="2021-06-04T17:24:21Z">
          <reporter-output>
          </reporter-output>
        </test-method> <!-- verifyRegisterLink -->
        <test-method status="PASS" signature="verifyRegisterLinkText()[pri:13, instance:com.jbk.tests.LoginTest@4f970963]" name="verifyRegisterLinkText" duration-ms="44" started-at="2021-06-04T17:24:21Z" finished-at="2021-06-04T17:24:21Z">
          <reporter-output>
          </reporter-output>
        </test-method> <!-- verifyRegisterLinkText -->
        <test-method status="PASS" signature="verifySignInBoxHeading()[pri:6, instance:com.jbk.tests.LoginTest@4f970963]" name="verifySignInBoxHeading" duration-ms="27" started-at="2021-06-04T17:24:21Z" finished-at="2021-06-04T17:24:21Z">
          <reporter-output>
          </reporter-output>
        </test-method> <!-- verifySignInBoxHeading -->
        <test-method status="PASS" signature="verifySubHeading()[pri:5, instance:com.jbk.tests.LoginTest@4f970963]" name="verifySubHeading" duration-ms="38" started-at="2021-06-04T17:24:21Z" finished-at="2021-06-04T17:24:21Z">
          <reporter-output>
          </reporter-output>
        </test-method> <!-- verifySubHeading -->
        <test-method status="PASS" signature="verifyTitle()[pri:2, instance:com.jbk.tests.LoginTest@4f970963]" name="verifyTitle" duration-ms="9" started-at="2021-06-04T17:24:21Z" finished-at="2021-06-04T17:24:21Z">
          <reporter-output>
          </reporter-output>
        </test-method> <!-- verifyTitle -->
        <test-method status="PASS" signature="verifyValidLogIn()[pri:8, instance:com.jbk.tests.LoginTest@4f970963]" name="verifyValidLogIn" duration-ms="502" started-at="2021-06-04T17:24:21Z" finished-at="2021-06-04T17:24:22Z">
          <reporter-output>
          </reporter-output>
        </test-method> <!-- verifyValidLogIn -->
        <test-method status="PASS" signature="closeBrowser()[pri:0, instance:com.jbk.tests.LoginTest@4f970963]" name="closeBrowser" is-config="true" duration-ms="152" started-at="2021-06-04T17:24:22Z" finished-at="2021-06-04T17:24:22Z">
          <reporter-output>
          </reporter-output>
        </test-method> <!-- closeBrowser -->
      </class> <!-- com.jbk.tests.LoginTest -->
      <class name="com.jbk.tests.UsersTest">
        <test-method status="PASS" signature="openBrowser()[pri:0, instance:com.jbk.tests.UsersTest@887af79]" name="openBrowser" is-config="true" duration-ms="2587" started-at="2021-06-04T17:23:10Z" finished-at="2021-06-04T17:23:13Z">
          <reporter-output>
          </reporter-output>
        </test-method> <!-- openBrowser -->
        <test-method status="PASS" signature="verifyHeadingsAl()[pri:1, instance:com.jbk.tests.UsersTest@887af79]" name="verifyHeadingsAl" duration-ms="184" started-at="2021-06-04T17:23:13Z" finished-at="2021-06-04T17:23:13Z">
          <reporter-output>
          </reporter-output>
        </test-method> <!-- verifyHeadingsAl -->
        <test-method status="PASS" signature="verifyClickDeleteAlertMsg()[pri:7, instance:com.jbk.tests.UsersTest@887af79]" name="verifyClickDeleteAlertMsg" duration-ms="520" started-at="2021-06-04T17:24:13Z" finished-at="2021-06-04T17:24:13Z">
          <reporter-output>
          </reporter-output>
        </test-method> <!-- verifyClickDeleteAlertMsg -->
        <test-method status="PASS" signature="verifyComplete_UsersTable()[pri:10, instance:com.jbk.tests.UsersTest@887af79]" name="verifyComplete_UsersTable" duration-ms="746" started-at="2021-06-04T17:24:13Z" finished-at="2021-06-04T17:24:14Z">
          <reporter-output>
          </reporter-output>
        </test-method> <!-- verifyComplete_UsersTable -->
        <test-method status="PASS" signature="verifyGmail_com()[pri:6, instance:com.jbk.tests.UsersTest@887af79]" name="verifyGmail_com" duration-ms="234" started-at="2021-06-04T17:24:14Z" finished-at="2021-06-04T17:24:14Z">
          <reporter-output>
          </reporter-output>
        </test-method> <!-- verifyGmail_com -->
        <test-method status="PASS" signature="verifyMaleGender()[pri:3, instance:com.jbk.tests.UsersTest@887af79]" name="verifyMaleGender" duration-ms="220" started-at="2021-06-04T17:24:14Z" finished-at="2021-06-04T17:24:14Z">
          <reporter-output>
          </reporter-output>
        </test-method> <!-- verifyMaleGender -->
        <test-method status="PASS" signature="verifyMobNoLength()[pri:2, instance:com.jbk.tests.UsersTest@887af79]" name="verifyMobNoLength" duration-ms="240" started-at="2021-06-04T17:24:14Z" finished-at="2021-06-04T17:24:15Z">
          <reporter-output>
          </reporter-output>
        </test-method> <!-- verifyMobNoLength -->
        <test-method status="PASS" signature="verifySeleniumFaculty()[pri:8, instance:com.jbk.tests.UsersTest@887af79]" name="verifySeleniumFaculty" duration-ms="201" started-at="2021-06-04T17:24:15Z" finished-at="2021-06-04T17:24:15Z">
          <reporter-output>
          </reporter-output>
        </test-method> <!-- verifySeleniumFaculty -->
        <test-method status="PASS" signature="verifyStateMaharashtra()[pri:5, instance:com.jbk.tests.UsersTest@887af79]" name="verifyStateMaharashtra" duration-ms="69" started-at="2021-06-04T17:24:15Z" finished-at="2021-06-04T17:24:15Z">
          <reporter-output>
          </reporter-output>
        </test-method> <!-- verifyStateMaharashtra -->
        <test-method status="PASS" signature="verifyToolTip()[pri:9, instance:com.jbk.tests.UsersTest@887af79]" name="verifyToolTip" duration-ms="98" started-at="2021-06-04T17:24:15Z" finished-at="2021-06-04T17:24:15Z">
          <reporter-output>
          </reporter-output>
        </test-method> <!-- verifyToolTip -->
        <test-method status="PASS" signature="verifyUnameInOrder()[pri:4, instance:com.jbk.tests.UsersTest@887af79]" name="verifyUnameInOrder" duration-ms="92" started-at="2021-06-04T17:24:15Z" finished-at="2021-06-04T17:24:15Z">
          <reporter-output>
          </reporter-output>
        </test-method> <!-- verifyUnameInOrder -->
        <test-method status="PASS" signature="closeBrowser()[pri:0, instance:com.jbk.tests.UsersTest@887af79]" name="closeBrowser" is-config="true" duration-ms="120" started-at="2021-06-04T17:24:15Z" finished-at="2021-06-04T17:24:15Z">
          <reporter-output>
          </reporter-output>
        </test-method> <!-- closeBrowser -->
      </class> <!-- com.jbk.tests.UsersTest -->
    </test> <!-- Test -->
  </suite> <!-- Suite -->
</testng-results>
